# JRE version: OpenJDK Runtime Environment Temurin-21.0.9+10 (21.0.9+10) (build 21.0.9+10-LTS)
# Java VM: OpenJDK 64-Bit Server VM Temurin-21.0.9+10 (21.0.9+10-LTS, mixed mode, sharing, tiered, compressed oops, compressed class ptrs, parallel gc, windows-amd64)
GC Precious Log:
 CardTable entry size: 512
 CPUs: 8 total, 8 available
 Memory: 8043M
 Large Page Support: Disabled
 NUMA Support: Disabled
 Compressed Oops: Enabled (32-bit)
 Alignments: Space 512K, Generation 512K, Heap 2M
 Heap Min Capacity: 100M
 Heap Initial Capacity: 100M
 Heap Max Capacity: 2G
 Pre-touch: Disabled
 Parallel Workers: 8
Heap:
 PSYoungGen      total 14848K, used 11925K [0x00000000d5580000, 0x00000000d6700000, 0x0000000100000000)
  eden space 13824K, 81% used [0x00000000d5580000,0x00000000d608d7f0,0x00000000d6300000)
  from space 1024K, 59% used [0x00000000d6600000,0x00000000d6698000,0x00000000d6700000)
  to   space 1024K, 0% used [0x00000000d6500000,0x00000000d6500000,0x00000000d6600000)
 ParOldGen       total 804352K, used 804281K [0x0000000080000000, 0x00000000b1180000, 0x00000000d5580000)
  object space 804352K, 99% used [0x0000000080000000,0x00000000b116e7d0,0x00000000b1180000)
 Metaspace       used 76980K, committed 78656K, reserved 1179648K
  class space    used 8256K, committed 8960K, reserved 1048576K
GC Heap History (20 events):
Event: 50.156 GC heap before
{Heap before GC invocations=1272 (full 3):
 PSYoungGen      total 14336K, used 14208K [0x00000000d5580000, 0x00000000d6680000, 0x0000000100000000)
  eden space 13824K, 100% used [0x00000000d5580000,0x00000000d6300000,0x00000000d6300000)
  from space 512K, 75% used [0x00000000d6600000,0x00000000d6660000,0x00000000d6680000)
  to   space 512K, 0% used [0x00000000d6300000,0x00000000d6300000,0x00000000d6380000)
 ParOldGen       total 798208K, used 797926K [0x0000000080000000, 0x00000000b0b80000, 0x00000000d5580000)
  object space 798208K, 99% used [0x0000000080000000,0x00000000b0b39bb8,0x00000000b0b80000)
 Metaspace       used 74338K, committed 76032K, reserved 1179648K
  class space    used 7991K, committed 8768K, reserved 1048576K
}
Event: 50.159 GC heap after
{Heap after GC invocations=1272 (full 3):
 PSYoungGen      total 14336K, used 320K [0x00000000d5580000, 0x00000000d6680000, 0x0000000100000000)
  eden space 13824K, 0% used [0x00000000d5580000,0x00000000d5580000,0x00000000d6300000)
  from space 512K, 62% used [0x00000000d6300000,0x00000000d6350000,0x00000000d6380000)
  to   space 512K, 0% used [0x00000000d6600000,0x00000000d6600000,0x00000000d6680000)
 ParOldGen       total 798208K, used 798030K [0x0000000080000000, 0x00000000b0b80000, 0x00000000d5580000)
  object space 798208K, 99% used [0x0000000080000000,0x00000000b0b53bb8,0x00000000b0b80000)
 Metaspace       used 74338K, committed 76032K, reserved 1179648K
  class space    used 7991K, committed 8768K, reserved 1048576K
}
Event: 50.270 GC heap before
{Heap before GC invocations=1273 (full 3):
 PSYoungGen      total 14336K, used 14144K [0x00000000d5580000, 0x00000000d6680000, 0x0000000100000000)
  eden space 13824K, 100% used [0x00000000d5580000,0x00000000d6300000,0x00000000d6300000)
  from space 512K, 62% used [0x00000000d6300000,0x00000000d6350000,0x00000000d6380000)
  to   space 512K, 0% used [0x00000000d6600000,0x00000000d6600000,0x00000000d6680000)
 ParOldGen       total 798208K, used 798030K [0x0000000080000000, 0x00000000b0b80000, 0x00000000d5580000)
  object space 798208K, 99% used [0x0000000080000000,0x00000000b0b53bb8,0x00000000b0b80000)
 Metaspace       used 74339K, committed 76032K, reserved 1179648K
  class space    used 7991K, committed 8768K, reserved 1048576K
}
Event: 50.287 GC heap after
{Heap after GC invocations=1273 (full 3):
 PSYoungGen      total 14336K, used 498K [0x00000000d5580000, 0x00000000d6680000, 0x0000000100000000)
  eden space 13824K, 0% used [0x00000000d5580000,0x00000000d5580000,0x00000000d6300000)
  from space 512K, 97% used [0x00000000d6600000,0x00000000d667c940,0x00000000d6680000)
  to   space 1024K, 0% used [0x00000000d6480000,0x00000000d6480000,0x00000000d6580000)
 ParOldGen       total 799232K, used 799110K [0x0000000080000000, 0x00000000b0c80000, 0x00000000d5580000)
  object space 799232K, 99% used [0x0000000080000000,0x00000000b0c61928,0x00000000b0c80000)
 Metaspace       used 74339K, committed 76032K, reserved 1179648K
  class space    used 7991K, committed 8768K, reserved 1048576K
}
Event: 50.315 GC heap before
{Heap before GC invocations=1274 (full 3):
 PSYoungGen      total 14336K, used 14322K [0x00000000d5580000, 0x00000000d6680000, 0x0000000100000000)
  eden space 13824K, 100% used [0x00000000d5580000,0x00000000d6300000,0x00000000d6300000)
  from space 512K, 97% used [0x00000000d6600000,0x00000000d667c940,0x00000000d6680000)
  to   space 1024K, 0% used [0x00000000d6480000,0x00000000d6480000,0x00000000d6580000)
 ParOldGen       total 799232K, used 799110K [0x0000000080000000, 0x00000000b0c80000, 0x00000000d5580000)
  object space 799232K, 99% used [0x0000000080000000,0x00000000b0c61928,0x00000000b0c80000)
 Metaspace       used 74340K, committed 76032K, reserved 1179648K
  class space    used 7991K, committed 8768K, reserved 1048576K
}
Event: 50.318 GC heap after
{Heap after GC invocations=1274 (full 3):
 PSYoungGen      total 14848K, used 288K [0x00000000d5580000, 0x00000000d6680000, 0x0000000100000000)
  eden space 13824K, 0% used [0x00000000d5580000,0x00000000d5580000,0x00000000d6300000)
  from space 1024K, 28% used [0x00000000d6480000,0x00000000d64c8000,0x00000000d6580000)
  to   space 512K, 0% used [0x00000000d6600000,0x00000000d6600000,0x00000000d6680000)
 ParOldGen       total 799744K, used 799422K [0x0000000080000000, 0x00000000b0d00000, 0x00000000d5580000)
  object space 799744K, 99% used [0x0000000080000000,0x00000000b0cafb88,0x00000000b0d00000)
 Metaspace       used 74340K, committed 76032K, reserved 1179648K
  class space    used 7991K, committed 8768K, reserved 1048576K
}
Event: 50.334 GC heap before
{Heap before GC invocations=1275 (full 3):
 PSYoungGen      total 14848K, used 14112K [0x00000000d5580000, 0x00000000d6680000, 0x0000000100000000)
  eden space 13824K, 100% used [0x00000000d5580000,0x00000000d6300000,0x00000000d6300000)
  from space 1024K, 28% used [0x00000000d6480000,0x00000000d64c8000,0x00000000d6580000)
  to   space 512K, 0% used [0x00000000d6600000,0x00000000d6600000,0x00000000d6680000)
 ParOldGen       total 799744K, used 799422K [0x0000000080000000, 0x00000000b0d00000, 0x00000000d5580000)
  object space 799744K, 99% used [0x0000000080000000,0x00000000b0cafb88,0x00000000b0d00000)
 Metaspace       used 74340K, committed 76032K, reserved 1179648K
  class space    used 7991K, committed 8768K, reserved 1048576K
}
Event: 50.337 GC heap after
{Heap after GC invocations=1275 (full 3):
 PSYoungGen      total 14336K, used 256K [0x00000000d5580000, 0x00000000d6680000, 0x0000000100000000)
  eden space 13824K, 0% used [0x00000000d5580000,0x00000000d5580000,0x00000000d6300000)
  from space 512K, 50% used [0x00000000d6600000,0x00000000d6640000,0x00000000d6680000)
  to   space 512K, 0% used [0x00000000d6580000,0x00000000d6580000,0x00000000d6600000)
 ParOldGen       total 799744K, used 799539K [0x0000000080000000, 0x00000000b0d00000, 0x00000000d5580000)
  object space 799744K, 99% used [0x0000000080000000,0x00000000b0ccce48,0x00000000b0d00000)
 Metaspace       used 74340K, committed 76032K, reserved 1179648K
  class space    used 7991K, committed 8768K, reserved 1048576K
}
Event: 50.395 GC heap before
{Heap before GC invocations=1276 (full 3):
 PSYoungGen      total 14336K, used 14080K [0x00000000d5580000, 0x00000000d6680000, 0x0000000100000000)
  eden space 13824K, 100% used [0x00000000d5580000,0x00000000d6300000,0x00000000d6300000)
  from space 512K, 50% used [0x00000000d6600000,0x00000000d6640000,0x00000000d6680000)
  to   space 512K, 0% used [0x00000000d6580000,0x00000000d6580000,0x00000000d6600000)
 ParOldGen       total 799744K, used 799539K [0x0000000080000000, 0x00000000b0d00000, 0x00000000d5580000)
  object space 799744K, 99% used [0x0000000080000000,0x00000000b0ccce48,0x00000000b0d00000)
 Metaspace       used 74341K, committed 76032K, reserved 1179648K
  class space    used 7991K, committed 8768K, reserved 1048576K
}
Event: 50.400 GC heap after
{Heap after GC invocations=1276 (full 3):
 PSYoungGen      total 14336K, used 224K [0x00000000d5580000, 0x00000000d6680000, 0x0000000100000000)
  eden space 13824K, 0% used [0x00000000d5580000,0x00000000d5580000,0x00000000d6300000)
  from space 512K, 43% used [0x00000000d6580000,0x00000000d65b8000,0x00000000d6600000)
  to   space 512K, 0% used [0x00000000d6600000,0x00000000d6600000,0x00000000d6680000)
 ParOldGen       total 799744K, used 799667K [0x0000000080000000, 0x00000000b0d00000, 0x00000000d5580000)
  object space 799744K, 99% used [0x0000000080000000,0x00000000b0cece48,0x00000000b0d00000)
 Metaspace       used 74341K, committed 76032K, reserved 1179648K
  class space    used 7991K, committed 8768K, reserved 1048576K
}
Event: 50.866 GC heap before
{Heap before GC invocations=1277 (full 3):
 PSYoungGen      total 14336K, used 14048K [0x00000000d5580000, 0x00000000d6680000, 0x0000000100000000)
  eden space 13824K, 100% used [0x00000000d5580000,0x00000000d6300000,0x00000000d6300000)
  from space 512K, 43% used [0x00000000d6580000,0x00000000d65b8000,0x00000000d6600000)
  to   space 512K, 0% used [0x00000000d6600000,0x00000000d6600000,0x00000000d6680000)
 ParOldGen       total 799744K, used 799667K [0x0000000080000000, 0x00000000b0d00000, 0x00000000d5580000)
  object space 799744K, 99% used [0x0000000080000000,0x00000000b0cece48,0x00000000b0d00000)
 Metaspace       used 74563K, committed 76224K, reserved 1179648K
  class space    used 8011K, committed 8768K, reserved 1048576K
}
Event: 50.876 GC heap after
{Heap after GC invocations=1277 (full 3):
 PSYoungGen      total 14336K, used 512K [0x00000000d5580000, 0x00000000d6800000, 0x0000000100000000)
  eden space 13824K, 0% used [0x00000000d5580000,0x00000000d5580000,0x00000000d6300000)
  from space 512K, 100% used [0x00000000d6600000,0x00000000d6680000,0x00000000d6680000)
  to   space 2560K, 0% used [0x00000000d6300000,0x00000000d6300000,0x00000000d6580000)
 ParOldGen       total 801280K, used 800968K [0x0000000080000000, 0x00000000b0e80000, 0x00000000d5580000)
  object space 801280K, 99% used [0x0000000080000000,0x00000000b0e32188,0x00000000b0e80000)
 Metaspace       used 74563K, committed 76224K, reserved 1179648K
  class space    used 8011K, committed 8768K, reserved 1048576K
}
Event: 51.140 GC heap before
{Heap before GC invocations=1278 (full 3):
 PSYoungGen      total 14336K, used 14297K [0x00000000d5580000, 0x00000000d6800000, 0x0000000100000000)
  eden space 13824K, 99% used [0x00000000d5580000,0x00000000d62f66d8,0x00000000d6300000)
  from space 512K, 100% used [0x00000000d6600000,0x00000000d6680000,0x00000000d6680000)
  to   space 2560K, 0% used [0x00000000d6300000,0x00000000d6300000,0x00000000d6580000)
 ParOldGen       total 801280K, used 800968K [0x0000000080000000, 0x00000000b0e80000, 0x00000000d5580000)
  object space 801280K, 99% used [0x0000000080000000,0x00000000b0e32188,0x00000000b0e80000)
 Metaspace       used 74613K, committed 76288K, reserved 1179648K
  class space    used 8013K, committed 8768K, reserved 1048576K
}
Event: 51.146 GC heap after
{Heap after GC invocations=1278 (full 3):
 PSYoungGen      total 16384K, used 2540K [0x00000000d5580000, 0x00000000d6b00000, 0x0000000100000000)
  eden space 13824K, 0% used [0x00000000d5580000,0x00000000d5580000,0x00000000d6300000)
  from space 2560K, 99% used [0x00000000d6300000,0x00000000d657b2f8,0x00000000d6580000)
  to   space 4096K, 0% used [0x00000000d6700000,0x00000000d6700000,0x00000000d6b00000)
 ParOldGen       total 801792K, used 801759K [0x0000000080000000, 0x00000000b0f00000, 0x00000000d5580000)
  object space 801792K, 99% used [0x0000000080000000,0x00000000b0ef7dd0,0x00000000b0f00000)
 Metaspace       used 74613K, committed 76288K, reserved 1179648K
  class space    used 8013K, committed 8768K, reserved 1048576K
}
Event: 51.247 GC heap before
{Heap before GC invocations=1279 (full 3):
 PSYoungGen      total 16384K, used 16363K [0x00000000d5580000, 0x00000000d6b00000, 0x0000000100000000)
  eden space 13824K, 99% used [0x00000000d5580000,0x00000000d62ffb00,0x00000000d6300000)
  from space 2560K, 99% used [0x00000000d6300000,0x00000000d657b2f8,0x00000000d6580000)
  to   space 4096K, 0% used [0x00000000d6700000,0x00000000d6700000,0x00000000d6b00000)
 ParOldGen       total 801792K, used 801759K [0x0000000080000000, 0x00000000b0f00000, 0x00000000d5580000)
  object space 801792K, 99% used [0x0000000080000000,0x00000000b0ef7dd0,0x00000000b0f00000)
 Metaspace       used 74822K, committed 76480K, reserved 1179648K
  class space    used 8046K, committed 8768K, reserved 1048576K
}
Event: 51.253 GC heap after
{Heap after GC invocations=1279 (full 3):
 PSYoungGen      total 15872K, used 1648K [0x00000000d5580000, 0x00000000d6900000, 0x0000000100000000)
  eden space 13824K, 0% used [0x00000000d5580000,0x00000000d5580000,0x00000000d6300000)
  from space 2048K, 80% used [0x00000000d6700000,0x00000000d689c2d0,0x00000000d6900000)
  to   space 2560K, 0% used [0x00000000d6400000,0x00000000d6400000,0x00000000d6680000)
 ParOldGen       total 803328K, used 803288K [0x0000000080000000, 0x00000000b1080000, 0x00000000d5580000)
  object space 803328K, 99% used [0x0000000080000000,0x00000000b1076320,0x00000000b1080000)
 Metaspace       used 74822K, committed 76480K, reserved 1179648K
  class space    used 8046K, committed 8768K, reserved 1048576K
}
Event: 51.350 GC heap before
{Heap before GC invocations=1280 (full 3):
 PSYoungGen      total 15872K, used 15472K [0x00000000d5580000, 0x00000000d6900000, 0x0000000100000000)
  eden space 13824K, 100% used [0x00000000d5580000,0x00000000d6300000,0x00000000d6300000)
  from space 2048K, 80% used [0x00000000d6700000,0x00000000d689c2d0,0x00000000d6900000)
  to   space 2560K, 0% used [0x00000000d6400000,0x00000000d6400000,0x00000000d6680000)
 ParOldGen       total 803328K, used 803288K [0x0000000080000000, 0x00000000b1080000, 0x00000000d5580000)
  object space 803328K, 99% used [0x0000000080000000,0x00000000b1076320,0x00000000b1080000)
 Metaspace       used 74970K, committed 76672K, reserved 1179648K
  class space    used 8083K, committed 8832K, reserved 1048576K
}
Event: 51.358 GC heap after
{Heap after GC invocations=1280 (full 3):
 PSYoungGen      total 15360K, used 1161K [0x00000000d5580000, 0x00000000d6780000, 0x0000000100000000)
  eden space 13824K, 0% used [0x00000000d5580000,0x00000000d5580000,0x00000000d6300000)
  from space 1536K, 75% used [0x00000000d6400000,0x00000000d6522710,0x00000000d6580000)
  to   space 1536K, 0% used [0x00000000d6600000,0x00000000d6600000,0x00000000d6780000)
 ParOldGen       total 804352K, used 804013K [0x0000000080000000, 0x00000000b1180000, 0x00000000d5580000)
  object space 804352K, 99% used [0x0000000080000000,0x00000000b112b540,0x00000000b1180000)
 Metaspace       used 74970K, committed 76672K, reserved 1179648K
  class space    used 8083K, committed 8832K, reserved 1048576K
}
Event: 51.596 GC heap before
{Heap before GC invocations=1281 (full 3):
 PSYoungGen      total 15360K, used 14985K [0x00000000d5580000, 0x00000000d6780000, 0x0000000100000000)
  eden space 13824K, 100% used [0x00000000d5580000,0x00000000d6300000,0x00000000d6300000)
  from space 1536K, 75% used [0x00000000d6400000,0x00000000d6522710,0x00000000d6580000)
  to   space 1536K, 0% used [0x00000000d6600000,0x00000000d6600000,0x00000000d6780000)
 ParOldGen       total 804352K, used 804013K [0x0000000080000000, 0x00000000b1180000, 0x00000000d5580000)
  object space 804352K, 99% used [0x0000000080000000,0x00000000b112b540,0x00000000b1180000)
 Metaspace       used 75567K, committed 77248K, reserved 1179648K
  class space    used 8137K, committed 8896K, reserved 1048576K
}
Event: 51.599 GC heap after
{Heap after GC invocations=1281 (full 3):
 PSYoungGen      total 14848K, used 608K [0x00000000d5580000, 0x00000000d6700000, 0x0000000100000000)
  eden space 13824K, 0% used [0x00000000d5580000,0x00000000d5580000,0x00000000d6300000)
  from space 1024K, 59% used [0x00000000d6600000,0x00000000d6698000,0x00000000d6700000)
  to   space 1024K, 0% used [0x00000000d6500000,0x00000000d6500000,0x00000000d6600000)
 ParOldGen       total 804352K, used 804281K [0x0000000080000000, 0x00000000b1180000, 0x00000000d5580000)
  object space 804352K, 99% used [0x0000000080000000,0x00000000b116e7d0,0x00000000b1180000)
 Metaspace       used 75567K, committed 77248K, reserved 1179648K
  class space    used 8137K, committed 8896K, reserved 1048576K
}

